<?xml version="1.0" encoding="UTF-8"?>
<testng-results ignored="0" total="1" passed="1" failed="0" skipped="0">
  <reporter-output>
  </reporter-output>
  <suite started-at="2025-03-18T09:09:20 IST" name="Default suite" finished-at="2025-03-18T09:09:29 IST" duration-ms="8600">
    <groups>
    </groups>
    <test started-at="2025-03-18T09:09:20 IST" name="Default test" finished-at="2025-03-18T09:09:29 IST" duration-ms="8600">
      <class name="testcases.TestCases">
        <test-method is-config="true" signature="setUp()[pri:0, instance:testcases.TestCases@2e377400]" started-at="2025-03-18T09:09:20 IST" name="setUp" finished-at="2025-03-18T09:09:24 IST" duration-ms="3929" status="PASS">
          <reporter-output>
          </reporter-output>
        </test-method> <!-- setUp -->
        <test-method signature="verifyTestCases()[pri:0, instance:testcases.TestCases@2e377400]" started-at="2025-03-18T09:09:24 IST" name="verifyTestCases" finished-at="2025-03-18T09:09:28 IST" duration-ms="4296" status="PASS">
          <reporter-output>
          </reporter-output>
        </test-method> <!-- verifyTestCases -->
        <test-method is-config="true" signature="tearDown()[pri:0, instance:testcases.TestCases@2e377400]" started-at="2025-03-18T09:09:28 IST" name="tearDown" finished-at="2025-03-18T09:09:29 IST" duration-ms="324" status="PASS">
          <reporter-output>
          </reporter-output>
        </test-method> <!-- tearDown -->
      </class> <!-- testcases.TestCases -->
    </test> <!-- Default test -->
  </suite> <!-- Default suite -->
</testng-results>
